<?xml version="1.0" encoding="UTF-8"?>
<robot generator="Robot 3.2.2 (Python 3.7.6 on win32)" generated="20210825 21:57:01.927" rpa="false">
<suite id="s1" name="Mon Projet 2308" source="C:\Users\nellouzy\git\Automatisatio-25-08-2021\Mon Projet 2308">
<suite id="s1-s1" name="23-08-2021" source="C:\Users\nellouzy\git\Automatisatio-25-08-2021\Mon Projet 2308\23-08-2021">
<suite id="s1-s1-s1" name="Site1" source="C:\Users\nellouzy\git\Automatisatio-25-08-2021\Mon Projet 2308\23-08-2021\Site1.robot">
<test id="s1-s1-s1-t1" name="MonPremierCas">
<kw name="Open Browser" library="Selenium2Library">
<doc>Opens a new browser instance to the optional ``url``.</doc>
<arguments>
<arg>https://automationstepbystep.com/online-courses/</arg>
<arg>Firefox</arg>
</arguments>
<msg timestamp="20210825 21:57:02.914" level="INFO">Opening browser 'Firefox' to base url 'https://automationstepbystep.com/online-courses/'.</msg>
<msg timestamp="20210825 21:57:02.916" level="INFO">Firefox driver log is always forced to to: C:\Users\nellouzy\git\Automatisatio-25-08-2021\Mon Projet 2308\geckodriver-2.log</msg>
<kw name="Capture Page Screenshot" library="Selenium2Library">
<doc>Takes a screenshot of the current page and embeds it into a log file.</doc>
<msg timestamp="20210825 21:57:07.360" level="INFO">Cannot capture screenshot because no browser is open.</msg>
<status status="PASS" starttime="20210825 21:57:07.357" endtime="20210825 21:57:07.362"></status>
</kw>
<msg timestamp="20210825 21:57:07.388" level="FAIL">SessionNotCreatedException: Message: Expected browser binary location, but unable to find binary in default location, no 'moz:firefoxOptions.binary' capability provided, and no binary flag set on the command line
</msg>
<status status="FAIL" starttime="20210825 21:57:02.913" endtime="20210825 21:57:07.389"></status>
</kw>
<status status="FAIL" starttime="20210825 21:57:02.911" endtime="20210825 21:57:07.391" critical="yes">SessionNotCreatedException: Message: Expected browser binary location, but unable to find binary in default location, no 'moz:firefoxOptions.binary' capability provided, and no binary flag set on the command line
</status>
</test>
<status status="FAIL" starttime="20210825 21:57:02.171" endtime="20210825 21:57:07.401"></status>
</suite>
<status status="FAIL" starttime="20210825 21:57:02.164" endtime="20210825 21:57:07.408"></status>
</suite>
<status status="FAIL" starttime="20210825 21:57:02.069" endtime="20210825 21:57:07.416"></status>
</suite>
<statistics>
<total>
<stat pass="0" fail="1">Critical Tests</stat>
<stat pass="0" fail="1">All Tests</stat>
</total>
<tag>
</tag>
<suite>
<stat pass="0" fail="1" id="s1" name="Mon Projet 2308">Mon Projet 2308</stat>
<stat pass="0" fail="1" id="s1-s1" name="23-08-2021">Mon Projet 2308.23-08-2021</stat>
<stat pass="0" fail="1" id="s1-s1-s1" name="Site1">Mon Projet 2308.23-08-2021.Site1</stat>
</suite>
</statistics>
<errors>
</errors>
</robot>
